<?xml version="1.0" encoding="UTF-8"?>
<testsuite xmlns:xsi="http://www.w3.org/2001/XMLSchema-instance" xsi:noNamespaceSchemaLocation="https://maven.apache.org/surefire/maven-surefire-plugin/xsd/surefire-test-report-3.0.xsd" version="3.0" name="com.dtici.qa.testrunnner.TestRunner" time="16.094" tests="14" errors="14" skipped="0" failures="0">
  <properties>
[...]
</properties>
  <testcase name="Verify new item is added in to the list" classname="Sprint 1 Execution Set #1" time="4.207">
    <error type="io.cucumber.junit.UndefinedStepException"><![CDATA[io.cucumber.junit.UndefinedStepException: 
The step 'User is navigated to Swag Labs' and 2 other step(s) are undefined.
You can implement these steps using the snippet(s) below:

@When("User is navigated to Swag Labs")
public void user_is_navigated_to_swag_labs() {
    // Write code here that turns the phrase above into concrete actions
    throw new io.cucumber.java.PendingException();
}
@Then("Add product")
public void add_product() {
    // Write code here that turns the phrase above into concrete actions
    throw new io.cucumber.java.PendingException();
}
@Then("Logout")
public void logout() {
    // Write code here that turns the phrase above into concrete actions
    throw new io.cucumber.java.PendingException();
}

]]></error>
    <system-out><![CDATA[
@DS-8 @App1 @Regression @Smoke @Highpriority @Swag
Scenario: Verify new item is added in to the list &amp#27;[90m# src/test/resources/features/NewDesign.feature:9&amp#27;[0m
{
    "document": {
        "_id": "6412eb5cbbebfd6a0348eb45",
        "Key": "SEC_001",
        "UserID": "standard_user",
        "password": "secret_sauce"
    }
}
200:io.restassured.internal.RestAssuredResponseImpl@7f0f84d4
Load Driver Exception The driver executable must exist: C:\DEMO\DEMO_FRM\HubAnnotator\src\test\java\com\dtici\qa\classPackage\chromedriver.exe
Read XML parser
C:\HubAnnotator
**********************************
/Browser/Function[@label='Login']/Object
true
actValue=standard_user
Reach to Select case 
key=SCE_001
Reach to Select case 
label=user
Reach to Select case 
locator=xpath
Reach to Select case 
locatorValue=//*[@id='user-name']
Reach to Select case 
type=textbox
Reach to Select case 
true
actValue=secret_sauce
Reach to Select case 
key=ID_1
Reach to Select case 
label=PWD
Reach to Select case 
locator=xpath
Reach to Select case 
locatorValue=//*[@id='password']
Reach to Select case 
type=textbox
Reach to Select case 
true
actValue=6
Reach to Select case 
key=ID_1
Reach to Select case 
label=lblBTN
Reach to Select case 
locator=xpath
Reach to Select case 
locatorValue=//*[@id='login-button']
Reach to Select case 
type=button
Reach to Select case 
********************************
user::;standard_user;SCE_001;xpath;//*[@id='user-name'];textbox
Cannot invoke "org.openqa.selenium.WebDriver.getWindowHandle()" because "com.dtici.qa.utils.PageElement.driver" is null
SWITCH+false
Read XML parser
C:\HubAnnotator
**********************************
/Browser/Function[@label='product']/Object
true
actValue=6
Reach to Select case 
key=ID_1
Reach to Select case 
label=product1
Reach to Select case 
locator=xpath
Reach to Select case 
locatorValue=//*[@id='add-to-cart-sauce-labs-backpack']
Reach to Select case 
type=button
Reach to Select case 
true
actValue=6
Reach to Select case 
key=ID_1
Reach to Select case 
label=product2
Reach to Select case 
locator=xpath
Reach to Select case 
locatorValue=//*[@id='add-to-cart-sauce-labs-bike-light']
Reach to Select case 
type=button
Reach to Select case 
********************************
product1::;6;ID_1;xpath;//*[@id='add-to-cart-sauce-labs-backpack'];button
Read XML parser
C:\HubAnnotator
**********************************
/Browser/Function[@label='RemoveOneProduct']/Object
true
actValue=6
Reach to Select case 
key=ID_1
Reach to Select case 
label=product1
Reach to Select case 
locator=xpath
Reach to Select case 
locatorValue=//*[@id='remove-sauce-labs-backpack']
Reach to Select case 
type=button
Reach to Select case 
********************************
product1::;6;ID_1;xpath;//*[@id='remove-sauce-labs-backpack'];button
  &amp#27;[32mGiven &amp#27;[0m&amp#27;[32mUser Login to application&amp#27;[0m                 &amp#27;[90m# com.dtici.qa.steps.SwagStepDef.user_login_to_application()&amp#27;[0m
  &amp#27;[33mWhen &amp#27;[0m&amp#27;[33mUser is navigated to Swag Labs&amp#27;[0m
  &amp#27;[36mThen &amp#27;[0m&amp#27;[36mAdd product&amp#27;[0m
  &amp#27;[36mThen &amp#27;[0m&amp#27;[36mLogout&amp#27;[0m
]]></system-out>
  </testcase>
  <testcase name="Verify new item is added in to the list and Removed from the list" classname="Sprint 1 Execution Set #1" time="2.965">
    <error type="io.cucumber.junit.UndefinedStepException"><![CDATA[io.cucumber.junit.UndefinedStepException: 
The step 'User is navigated to Swag Labs' and 3 other step(s) are undefined.
You can implement these steps using the snippet(s) below:

@When("User is navigated to Swag Labs")
public void user_is_navigated_to_swag_labs() {
    // Write code here that turns the phrase above into concrete actions
    throw new io.cucumber.java.PendingException();
}
@Then("Add product")
public void add_product() {
    // Write code here that turns the phrase above into concrete actions
    throw new io.cucumber.java.PendingException();
}
@Then("Remove Prouct")
public void remove_prouct() {
    // Write code here that turns the phrase above into concrete actions
    throw new io.cucumber.java.PendingException();
}
@Then("Logout")
public void logout() {
    // Write code here that turns the phrase above into concrete actions
    throw new io.cucumber.java.PendingException();
}

]]></error>
    <system-out><![CDATA[
@DS-8 @App1 @Regression @Smoke @Highpriority @Swag
Scenario: Verify new item is added in to the list and Removed from the list &amp#27;[90m# src/test/resources/features/NewDesign.feature:17&amp#27;[0m
{
    "document": {
        "_id": "6412eb5cbbebfd6a0348eb45",
        "Key": "SEC_001",
        "UserID": "standard_user",
        "password": "secret_sauce"
    }
}
200:io.restassured.internal.RestAssuredResponseImpl@c14e5a5
Load Driver Exception The driver executable must exist: C:\DEMO\DEMO_FRM\HubAnnotator\src\test\java\com\dtici\qa\classPackage\chromedriver.exe
Read XML parser
C:\HubAnnotator
**********************************
/Browser/Function[@label='Login']/Object
true
actValue=standard_user
Reach to Select case 
key=SCE_001
Reach to Select case 
label=user
Reach to Select case 
locator=xpath
Reach to Select case 
locatorValue=//*[@id='user-name']
Reach to Select case 
type=textbox
Reach to Select case 
true
actValue=secret_sauce
Reach to Select case 
key=ID_1
Reach to Select case 
label=PWD
Reach to Select case 
locator=xpath
Reach to Select case 
locatorValue=//*[@id='password']
Reach to Select case 
type=textbox
Reach to Select case 
true
actValue=6
Reach to Select case 
key=ID_1
Reach to Select case 
label=lblBTN
Reach to Select case 
locator=xpath
Reach to Select case 
locatorValue=//*[@id='login-button']
Reach to Select case 
type=button
Reach to Select case 
********************************
user::;standard_user;SCE_001;xpath;//*[@id='user-name'];textbox
Cannot invoke "org.openqa.selenium.WebDriver.getWindowHandle()" because "com.dtici.qa.utils.PageElement.driver" is null
SWITCH+false
Read XML parser
C:\HubAnnotator
**********************************
/Browser/Function[@label='product']/Object
true
actValue=6
Reach to Select case 
key=ID_1
Reach to Select case 
label=product1
Reach to Select case 
locator=xpath
Reach to Select case 
locatorValue=//*[@id='add-to-cart-sauce-labs-backpack']
Reach to Select case 
type=button
Reach to Select case 
true
actValue=6
Reach to Select case 
key=ID_1
Reach to Select case 
label=product2
Reach to Select case 
locator=xpath
Reach to Select case 
locatorValue=//*[@id='add-to-cart-sauce-labs-bike-light']
Reach to Select case 
type=button
Reach to Select case 
********************************
product1::;6;ID_1;xpath;//*[@id='add-to-cart-sauce-labs-backpack'];button
Read XML parser
C:\HubAnnotator
**********************************
/Browser/Function[@label='RemoveOneProduct']/Object
true
actValue=6
Reach to Select case 
key=ID_1
Reach to Select case 
label=product1
Reach to Select case 
locator=xpath
Reach to Select case 
locatorValue=//*[@id='remove-sauce-labs-backpack']
Reach to Select case 
type=button
Reach to Select case 
********************************
product1::;6;ID_1;xpath;//*[@id='remove-sauce-labs-backpack'];button
  &amp#27;[32mGiven &amp#27;[0m&amp#27;[32mUser Login to application&amp#27;[0m                                           &amp#27;[90m# com.dtici.qa.steps.SwagStepDef.user_login_to_application()&amp#27;[0m
  &amp#27;[33mWhen &amp#27;[0m&amp#27;[33mUser is navigated to Swag Labs&amp#27;[0m
  &amp#27;[36mThen &amp#27;[0m&amp#27;[36mAdd product&amp#27;[0m
  &amp#27;[36mThen &amp#27;[0m&amp#27;[36mRemove Prouct&amp#27;[0m
  &amp#27;[36mThen &amp#27;[0m&amp#27;[36mLogout&amp#27;[0m
]]></system-out>
  </testcase>
  <testcase name="Verify new item is added in to the list and Removed from the list and verify Cart" classname="Sprint 1 Execution Set #1" time="2.546">
    <error type="io.cucumber.junit.UndefinedStepException"><![CDATA[io.cucumber.junit.UndefinedStepException: 
The step 'User is navigated to Swag Labs' and 4 other step(s) are undefined.
You can implement these steps using the snippet(s) below:

@When("User is navigated to Swag Labs")
public void user_is_navigated_to_swag_labs() {
    // Write code here that turns the phrase above into concrete actions
    throw new io.cucumber.java.PendingException();
}
@Then("Add product")
public void add_product() {
    // Write code here that turns the phrase above into concrete actions
    throw new io.cucumber.java.PendingException();
}
@Then("Remove Prouct")
public void remove_prouct() {
    // Write code here that turns the phrase above into concrete actions
    throw new io.cucumber.java.PendingException();
}
@Then("Navigate to Cart")
public void navigate_to_cart() {
    // Write code here that turns the phrase above into concrete actions
    throw new io.cucumber.java.PendingException();
}
@Then("Logout")
public void logout() {
    // Write code here that turns the phrase above into concrete actions
    throw new io.cucumber.java.PendingException();
}

]]></error>
    <system-out><![CDATA[
@DS-8 @App1 @Regression @Smoke @Highpriority @Swag
Scenario: Verify new item is added in to the list and Removed from the list and verify Cart &amp#27;[90m# src/test/resources/features/NewDesign.feature:25&amp#27;[0m
{
    "document": {
        "_id": "6412eb5cbbebfd6a0348eb45",
        "Key": "SEC_001",
        "UserID": "standard_user",
        "password": "secret_sauce"
    }
}
200:io.restassured.internal.RestAssuredResponseImpl@3111631d
Load Driver Exception The driver executable must exist: C:\DEMO\DEMO_FRM\HubAnnotator\src\test\java\com\dtici\qa\classPackage\chromedriver.exe
Read XML parser
C:\HubAnnotator
**********************************
/Browser/Function[@label='Login']/Object
true
actValue=standard_user
Reach to Select case 
key=SCE_001
Reach to Select case 
label=user
Reach to Select case 
locator=xpath
Reach to Select case 
locatorValue=//*[@id='user-name']
Reach to Select case 
type=textbox
Reach to Select case 
true
actValue=secret_sauce
Reach to Select case 
key=ID_1
Reach to Select case 
label=PWD
Reach to Select case 
locator=xpath
Reach to Select case 
locatorValue=//*[@id='password']
Reach to Select case 
type=textbox
Reach to Select case 
true
actValue=6
Reach to Select case 
key=ID_1
Reach to Select case 
label=lblBTN
Reach to Select case 
locator=xpath
Reach to Select case 
locatorValue=//*[@id='login-button']
Reach to Select case 
type=button
Reach to Select case 
********************************
user::;standard_user;SCE_001;xpath;//*[@id='user-name'];textbox
Cannot invoke "org.openqa.selenium.WebDriver.getWindowHandle()" because "com.dtici.qa.utils.PageElement.driver" is null
SWITCH+false
Read XML parser
C:\HubAnnotator
**********************************
/Browser/Function[@label='product']/Object
true
actValue=6
Reach to Select case 
key=ID_1
Reach to Select case 
label=product1
Reach to Select case 
locator=xpath
Reach to Select case 
locatorValue=//*[@id='add-to-cart-sauce-labs-backpack']
Reach to Select case 
type=button
Reach to Select case 
true
actValue=6
Reach to Select case 
key=ID_1
Reach to Select case 
label=product2
Reach to Select case 
locator=xpath
Reach to Select case 
locatorValue=//*[@id='add-to-cart-sauce-labs-bike-light']
Reach to Select case 
type=button
Reach to Select case 
********************************
product1::;6;ID_1;xpath;//*[@id='add-to-cart-sauce-labs-backpack'];button
Read XML parser
C:\HubAnnotator
**********************************
/Browser/Function[@label='RemoveOneProduct']/Object
true
actValue=6
Reach to Select case 
key=ID_1
Reach to Select case 
label=product1
Reach to Select case 
locator=xpath
Reach to Select case 
locatorValue=//*[@id='remove-sauce-labs-backpack']
Reach to Select case 
type=button
Reach to Select case 
********************************
product1::;6;ID_1;xpath;//*[@id='remove-sauce-labs-backpack'];button
  &amp#27;[32mGiven &amp#27;[0m&amp#27;[32mUser Login to application&amp#27;[0m                                                           &amp#27;[90m# com.dtici.qa.steps.SwagStepDef.user_login_to_application()&amp#27;[0m
  &amp#27;[33mWhen &amp#27;[0m&amp#27;[33mUser is navigated to Swag Labs&amp#27;[0m
  &amp#27;[36mThen &amp#27;[0m&amp#27;[36mAdd product&amp#27;[0m
  &amp#27;[36mThen &amp#27;[0m&amp#27;[36mRemove Prouct&amp#27;[0m
  &amp#27;[36mThen &amp#27;[0m&amp#27;[36mNavigate to Cart&amp#27;[0m
  &amp#27;[36mThen &amp#27;[0m&amp#27;[36mLogout&amp#27;[0m
]]></system-out>
  </testcase>
  <testcase name="login page" classname="Swaglabs Website" time="2.533">
    <error type="org.openqa.selenium.remote.http.ConnectionFailedException"><![CDATA[org.openqa.selenium.remote.http.ConnectionFailedException: 
Unable to establish websocket connection to http://localhost:53190/devtools/browser/f3047e45-93c4-466b-a291-c6d602aeacae
Build info: version: '4.7.1', revision: 'c6795baf1a3'
System info: os.name: 'Windows 10', os.arch: 'amd64', os.version: '10.0', java.version: '16'
Driver info: driver.version: ChromeDriver
]]></error>
    <system-out><![CDATA[
@JX-30 @TEST_JX-24 @TESTSET_JX-29
Scenario Outline: login page                                                  &amp#27;[90m# src/test/resources/features/Saucedemo.feature:14&amp#27;[0m
  &amp#27;[31mGiven &amp#27;[0m&amp#27;[31mi am an existing user&amp#27;[0m                                                 &amp#27;[90m# com.dtici.qa.steps.SwagStepDef.iAmAnExistingUser()&amp#27;[0m
      &amp#27;[31morg.openqa.selenium.remote.http.ConnectionFailedException: Unable to establish websocket connection to http://localhost:53190/devtools/browser/f3047e45-93c4-466b-a291-c6d602aeacae
Build info: version: '4.7.1', revision: 'c6795baf1a3'
System info: os.name: 'Windows 10', os.arch: 'amd64', os.version: '10.0', java.version: '16'
Driver info: driver.version: ChromeDriver
	at org.openqa.selenium.remote.http.netty.NettyWebSocket.<init>(NettyWebSocket.java:102)
	at org.openqa.selenium.remote.http.netty.NettyWebSocket.lambda$create$3(NettyWebSocket.java:128)
	at org.openqa.selenium.remote.http.netty.NettyClient.openSocket(NettyClient.java:107)
	at org.openqa.selenium.devtools.Connection.<init>(Connection.java:78)
	at org.openqa.selenium.chromium.ChromiumDriver.lambda$new$2(ChromiumDriver.java:116)
	at java.base/java.util.Optional.map(Optional.java:260)
	at org.openqa.selenium.chromium.ChromiumDriver.<init>(ChromiumDriver.java:114)
	at org.openqa.selenium.chrome.ChromeDriver.<init>(ChromeDriver.java:81)
	at org.openqa.selenium.chrome.ChromeDriver.<init>(ChromeDriver.java:49)
	at com.dtici.qa.classPackage.Login.openBrowser(Login.java:23)
	at com.dtici.qa.steps.SwagStepDef.iAmAnExistingUser(SwagStepDef.java:29)
	at âœ½.i am an existing user(file:///C:/HubAnnotator/src/test/resources/features/Saucedemo.feature:7)
&amp#27;[0m
  &amp#27;[36mWhen &amp#27;[0m&amp#27;[36mi open browser to &amp#27;[0m&amp#27;[36m&amp#27;[1m"https://www.saucedemo.com/"&amp#27;[0m&amp#27;[36m: www.saucedemo.com&amp#27;[0m      &amp#27;[90m# com.dtici.qa.steps.SwagStepDef.iOpenBrowserToWwwSaucedemoCom(java.lang.String)&amp#27;[0m
  &amp#27;[36mAnd &amp#27;[0m&amp#27;[36mfill correct username as &amp#27;[0m&amp#27;[36m&amp#27;[1m"standard_user"&amp#27;[0m&amp#27;[36m and password as &amp#27;[0m&amp#27;[36m&amp#27;[1m"secret_sauce"&amp#27;[0m &amp#27;[90m# com.dtici.qa.steps.SwagStepDef.fillCorrectUsernameAsAndPasswordAs(java.lang.String,java.lang.String)&amp#27;[0m
  &amp#27;[36mAnd &amp#27;[0m&amp#27;[36mpress login button&amp#27;[0m                                                      &amp#27;[90m# com.dtici.qa.steps.SwagStepDef.pressLoginButton()&amp#27;[0m
  &amp#27;[36mThen &amp#27;[0m&amp#27;[36mi see my application dashboard&amp#27;[0m                                         &amp#27;[90m# com.dtici.qa.steps.SwagStepDef.iSeeMyApplicationDashboard()&amp#27;[0m
]]></system-out>
    <system-err><![CDATA[ERROR StatusLogger Log4j2 could not find a logging implementation. Please add log4j-core to the classpath. Using SimpleLogger to log to the console...
Starting ChromeDriver 111.0.5563.64 (c710e93d5b63b7095afe8c2c17df34408078439d-refs/branch-heads/5563@{#995}) on port 29193
Only local connections are allowed.
Please see https://chromedriver.chromium.org/security-considerations for suggestions on keeping ChromeDriver safe.
ChromeDriver was started successfully.
Apr 01, 2023 11:37:57 AM org.openqa.selenium.remote.http.WebSocket$Listener onError
WARNING: Invalid Status code=403 text=Forbidden
java.io.IOException: Invalid Status code=403 text=Forbidden
	at org.asynchttpclient.netty.handler.WebSocketHandler.abort(WebSocketHandler.java:92)
	at org.asynchttpclient.netty.handler.WebSocketHandler.handleRead(WebSocketHandler.java:118)
	at org.asynchttpclient.netty.handler.AsyncHttpClientHandler.channelRead(AsyncHttpClientHandler.java:78)
	at io.netty.channel.AbstractChannelHandlerContext.invokeChannelRead(AbstractChannelHandlerContext.java:444)
	at io.netty.channel.AbstractChannelHandlerContext.invokeChannelRead(AbstractChannelHandlerContext.java:420)
	at io.netty.channel.AbstractChannelHandlerContext.fireChannelRead(AbstractChannelHandlerContext.java:412)
	at io.netty.channel.CombinedChannelDuplexHandler$DelegatingChannelHandlerContext.fireChannelRead(CombinedChannelDuplexHandler.java:436)
	at io.netty.handler.codec.ByteToMessageDecoder.fireChannelRead(ByteToMessageDecoder.java:336)
	at io.netty.handler.codec.ByteToMessageDecoder.fireChannelRead(ByteToMessageDecoder.java:323)
	at io.netty.handler.codec.ByteToMessageDecoder.callDecode(ByteToMessageDecoder.java:444)
	at io.netty.handler.codec.ByteToMessageDecoder.channelRead(ByteToMessageDecoder.java:280)
	at io.netty.channel.CombinedChannelDuplexHandler.channelRead(CombinedChannelDuplexHandler.java:251)
	at io.netty.channel.AbstractChannelHandlerContext.invokeChannelRead(AbstractChannelHandlerContext.java:442)
	at io.netty.channel.AbstractChannelHandlerContext.invokeChannelRead(AbstractChannelHandlerContext.java:420)
	at io.netty.channel.AbstractChannelHandlerContext.fireChannelRead(AbstractChannelHandlerContext.java:412)
	at io.netty.channel.DefaultChannelPipeline$HeadContext.channelRead(DefaultChannelPipeline.java:1410)
	at io.netty.channel.AbstractChannelHandlerContext.invokeChannelRead(AbstractChannelHandlerContext.java:440)
	at io.netty.channel.AbstractChannelHandlerContext.invokeChannelRead(AbstractChannelHandlerContext.java:420)
	at io.netty.channel.DefaultChannelPipeline.fireChannelRead(DefaultChannelPipeline.java:919)
	at io.netty.channel.nio.AbstractNioByteChannel$NioByteUnsafe.read(AbstractNioByteChannel.java:166)
	at io.netty.channel.nio.NioEventLoop.processSelectedKey(NioEventLoop.java:788)
	at io.netty.channel.nio.NioEventLoop.processSelectedKeysOptimized(NioEventLoop.java:724)
	at io.netty.channel.nio.NioEventLoop.processSelectedKeys(NioEventLoop.java:650)
	at io.netty.channel.nio.NioEventLoop.run(NioEventLoop.java:562)
	at io.netty.util.concurrent.SingleThreadEventExecutor$4.run(SingleThreadEventExecutor.java:997)
	at io.netty.util.internal.ThreadExecutorMap$2.run(ThreadExecutorMap.java:74)
	at io.netty.util.concurrent.FastThreadLocalRunnable.run(FastThreadLocalRunnable.java:30)
	at java.base/java.lang.Thread.run(Thread.java:831)

]]></system-err>
  </testcase>
  <testcase name="Verify Shopping cart" classname="Swaglabs Website" time="0.041">
    <error type="java.lang.NullPointerException"><![CDATA[java.lang.NullPointerException: Cannot invoke "org.openqa.selenium.WebDriver.findElement(org.openqa.selenium.By)" because "com.dtici.qa.classPackage.Login.driver" is null
]]></error>
    <system-out><![CDATA[
@JX-30 @TEST_JX-25 @TESTSET_JX-29
Scenario: Verify Shopping cart                       &amp#27;[90m# src/test/resources/features/Saucedemo.feature:16&amp#27;[0m
  &amp#27;[32mGiven &amp#27;[0m&amp#27;[32mCheck all the products&amp#27;[0m                       &amp#27;[90m# com.dtici.qa.steps.SwagStepDef.checkAllTheProducts()&amp#27;[0m
  &amp#27;[32mAnd &amp#27;[0m&amp#27;[32mSelect the product that you want to order&amp#27;[0m      &amp#27;[90m# com.dtici.qa.steps.SwagStepDef.selectTheProductThatYouWantToOrder()&amp#27;[0m
  &amp#27;[31mWhen &amp#27;[0m&amp#27;[31mClick on Add to cart&amp#27;[0m                          &amp#27;[90m# com.dtici.qa.steps.SwagStepDef.clickOnAddToCart()&amp#27;[0m
      &amp#27;[31mjava.lang.NullPointerException: Cannot invoke "org.openqa.selenium.WebDriver.findElement(org.openqa.selenium.By)" because "com.dtici.qa.classPackage.Login.driver" is null
	at com.dtici.qa.classPackage.Login.addToCart(Login.java:51)
	at com.dtici.qa.steps.SwagStepDef.clickOnAddToCart(SwagStepDef.java:75)
	at âœ½.Click on Add to cart(file:///C:/HubAnnotator/src/test/resources/features/Saucedemo.feature:19)
&amp#27;[0m
  &amp#27;[36mAnd &amp#27;[0m&amp#27;[36mit will add all your products in shopping cart&amp#27;[0m &amp#27;[90m# com.dtici.qa.steps.SwagStepDef.itWillAddAllYourProductsInShoppingCart()&amp#27;[0m
  &amp#27;[36mThen &amp#27;[0m&amp#27;[36mClick on shopping cart icon&amp#27;[0m                   &amp#27;[90m# com.dtici.qa.steps.SwagStepDef.clickOnShoppingCartIcon()&amp#27;[0m
]]></system-out>
  </testcase>
  <testcase name="Continue Shopping" classname="Swaglabs Website" time="0.036">
    <error type="java.lang.NullPointerException"><![CDATA[java.lang.NullPointerException: Cannot invoke "org.openqa.selenium.WebDriver.findElement(org.openqa.selenium.By)" because "com.dtici.qa.classPackage.Login.driver" is null
]]></error>
    <system-out><![CDATA[
@JX-30 @TEST_JX-26 @TESTSET_JX-29
Scenario: Continue Shopping &amp#27;[90m# src/test/resources/features/Saucedemo.feature:23&amp#27;[0m
  &amp#27;[31mGiven &amp#27;[0m&amp#27;[31mAdd another item&amp#27;[0m    &amp#27;[90m# com.dtici.qa.steps.SwagStepDef.addAnotherItem()&amp#27;[0m
      &amp#27;[31mjava.lang.NullPointerException: Cannot invoke "org.openqa.selenium.WebDriver.findElement(org.openqa.selenium.By)" because "com.dtici.qa.classPackage.Login.driver" is null
	at com.dtici.qa.classPackage.Login.addNewItem(Login.java:64)
	at com.dtici.qa.steps.SwagStepDef.addAnotherItem(SwagStepDef.java:116)
	at âœ½.Add another item(file:///C:/HubAnnotator/src/test/resources/features/Saucedemo.feature:24)
&amp#27;[0m
  &amp#27;[36mThen &amp#27;[0m&amp#27;[36mCheckout the product&amp#27;[0m &amp#27;[90m# com.dtici.qa.steps.SwagStepDef.checkout_the_product()&amp#27;[0m
  &amp#27;[36mAnd &amp#27;[0m&amp#27;[36mremove Item from cart&amp#27;[0m &amp#27;[90m# com.dtici.qa.steps.SwagStepDef.removeItemFromCart()&amp#27;[0m
]]></system-out>
  </testcase>
  <testcase name="Finishing order process" classname="Swaglabs Website" time="0.032">
    <error type="java.lang.NullPointerException"><![CDATA[java.lang.NullPointerException: Cannot invoke "org.openqa.selenium.WebDriver.findElement(org.openqa.selenium.By)" because "com.dtici.qa.classPackage.Login.driver" is null
]]></error>
    <system-out><![CDATA[
@JX-30 @TEST_JX-27 @TESTSET_JX-29
Scenario: Finishing order process &amp#27;[90m# src/test/resources/features/Saucedemo.feature:28&amp#27;[0m
  &amp#27;[31mGiven &amp#27;[0m&amp#27;[31mEnter address information&amp#27;[0m &amp#27;[90m# com.dtici.qa.steps.SwagStepDef.enter_address_information()&amp#27;[0m
      &amp#27;[31mjava.lang.NullPointerException: Cannot invoke "org.openqa.selenium.WebDriver.findElement(org.openqa.selenium.By)" because "com.dtici.qa.classPackage.Login.driver" is null
	at com.dtici.qa.classPackage.Login.addressInfo(Login.java:79)
	at com.dtici.qa.steps.SwagStepDef.enter_address_information(SwagStepDef.java:125)
	at âœ½.Enter address information(file:///C:/HubAnnotator/src/test/resources/features/Saucedemo.feature:29)
&amp#27;[0m
  &amp#27;[36mThen &amp#27;[0m&amp#27;[36mClick Finish&amp#27;[0m               &amp#27;[90m# com.dtici.qa.steps.SwagStepDef.click_finish()&amp#27;[0m
]]></system-out>
  </testcase>
  <testcase name="Logout from page" classname="Swaglabs Website" time="0.028">
    <error type="java.lang.NullPointerException"><![CDATA[java.lang.NullPointerException: Cannot invoke "org.openqa.selenium.WebDriver.findElement(org.openqa.selenium.By)" because "com.dtici.qa.classPackage.Login.driver" is null
]]></error>
    <system-out><![CDATA[
@JX-30 @TEST_JX-28 @TESTSET_JX-29
Scenario: Logout from page &amp#27;[90m# src/test/resources/features/Saucedemo.feature:32&amp#27;[0m
  &amp#27;[31mGiven &amp#27;[0m&amp#27;[31mgoto react button&amp#27;[0m  &amp#27;[90m# com.dtici.qa.steps.SwagStepDef.goto_react_button()&amp#27;[0m
      &amp#27;[31mjava.lang.NullPointerException: Cannot invoke "org.openqa.selenium.WebDriver.findElement(org.openqa.selenium.By)" because "com.dtici.qa.classPackage.Login.driver" is null
	at com.dtici.qa.classPackage.Login.logOut(Login.java:95)
	at com.dtici.qa.steps.SwagStepDef.goto_react_button(SwagStepDef.java:135)
	at âœ½.goto react button(file:///C:/HubAnnotator/src/test/resources/features/Saucedemo.feature:33)
&amp#27;[0m
  &amp#27;[36mThen &amp#27;[0m&amp#27;[36mclick logout&amp#27;[0m        &amp#27;[90m# com.dtici.qa.steps.SwagStepDef.click_logout()&amp#27;[0m
  &amp#27;[36mAnd &amp#27;[0m&amp#27;[36mClose Browser&amp#27;[0m        &amp#27;[90m# com.dtici.qa.steps.SwagStepDef.closeBrowser()&amp#27;[0m
]]></system-out>
  </testcase>
  <testcase name="Update Jira" classname="Swaglabs Website" time="0.026">
    <error type="io.cucumber.junit.UndefinedStepException"><![CDATA[io.cucumber.junit.UndefinedStepException: 
The step 'Token is Available' is undefined.
You can implement this step using the snippet(s) below:

@Given("Token is Available")
public void token_is_available() {
    // Write code here that turns the phrase above into concrete actions
    throw new io.cucumber.java.PendingException();
}

]]></error>
    <system-out><![CDATA[
@JX-30
Scenario: Update Jira      &amp#27;[90m# src/test/resources/features/Saucedemo.feature:36&amp#27;[0m
  &amp#27;[33mGiven &amp#27;[0m&amp#27;[33mToken is Available&amp#27;[0m
]]></system-out>
  </testcase>
  <testcase name="Verify Login Functionality" classname="Sprint 1 Execution Set #2" time="1.512">
    <error type="org.openqa.selenium.remote.http.ConnectionFailedException"><![CDATA[org.openqa.selenium.remote.http.ConnectionFailedException: 
Unable to establish websocket connection to http://localhost:53204/devtools/browser/f0dbb0c0-82c5-4841-a04c-5e052986094c
Build info: version: '4.7.1', revision: 'c6795baf1a3'
System info: os.name: 'Windows 10', os.arch: 'amd64', os.version: '10.0', java.version: '16'
Driver info: driver.version: ChromeDriver
]]></error>
    <system-out><![CDATA[
@DS-8 @TEST_DS-1 @TESTSET_DS-7 @App1 @Regression @Smoke
Scenario Outline: Verify Login Functionality                                  &amp#27;[90m# src/test/resources/features/demo.feature:15&amp#27;[0m
  &amp#27;[31mGiven &amp#27;[0m&amp#27;[31mi am an existing user&amp#27;[0m                                                 &amp#27;[90m# com.dtici.qa.steps.SwagStepDef.iAmAnExistingUser()&amp#27;[0m
      &amp#27;[31morg.openqa.selenium.remote.http.ConnectionFailedException: Unable to establish websocket connection to http://localhost:53204/devtools/browser/f0dbb0c0-82c5-4841-a04c-5e052986094c
Build info: version: '4.7.1', revision: 'c6795baf1a3'
System info: os.name: 'Windows 10', os.arch: 'amd64', os.version: '10.0', java.version: '16'
Driver info: driver.version: ChromeDriver
	at org.openqa.selenium.remote.http.netty.NettyWebSocket.<init>(NettyWebSocket.java:102)
	at org.openqa.selenium.remote.http.netty.NettyWebSocket.lambda$create$3(NettyWebSocket.java:128)
	at org.openqa.selenium.remote.http.netty.NettyClient.openSocket(NettyClient.java:107)
	at org.openqa.selenium.devtools.Connection.<init>(Connection.java:78)
	at org.openqa.selenium.chromium.ChromiumDriver.lambda$new$2(ChromiumDriver.java:116)
	at java.base/java.util.Optional.map(Optional.java:260)
	at org.openqa.selenium.chromium.ChromiumDriver.<init>(ChromiumDriver.java:114)
	at org.openqa.selenium.chrome.ChromeDriver.<init>(ChromeDriver.java:81)
	at org.openqa.selenium.chrome.ChromeDriver.<init>(ChromeDriver.java:49)
	at com.dtici.qa.classPackage.Login.openBrowser(Login.java:23)
	at com.dtici.qa.steps.SwagStepDef.iAmAnExistingUser(SwagStepDef.java:29)
	at âœ½.i am an existing user(file:///C:/HubAnnotator/src/test/resources/features/demo.feature:7)
&amp#27;[0m
  &amp#27;[36mWhen &amp#27;[0m&amp#27;[36mi open browser to &amp#27;[0m&amp#27;[36m&amp#27;[1m"https://www.saucedemo.com/"&amp#27;[0m&amp#27;[36m: www.saucedemo.com&amp#27;[0m      &amp#27;[90m# com.dtici.qa.steps.SwagStepDef.iOpenBrowserToWwwSaucedemoCom(java.lang.String)&amp#27;[0m
  &amp#27;[36mAnd &amp#27;[0m&amp#27;[36mfill correct username as &amp#27;[0m&amp#27;[36m&amp#27;[1m"standard_user"&amp#27;[0m&amp#27;[36m and password as &amp#27;[0m&amp#27;[36m&amp#27;[1m"secret_sauce"&amp#27;[0m &amp#27;[90m# com.dtici.qa.steps.SwagStepDef.fillCorrectUsernameAsAndPasswordAs(java.lang.String,java.lang.String)&amp#27;[0m
  &amp#27;[36mAnd &amp#27;[0m&amp#27;[36mpress login button&amp#27;[0m                                                      &amp#27;[90m# com.dtici.qa.steps.SwagStepDef.pressLoginButton()&amp#27;[0m
  &amp#27;[36mThen &amp#27;[0m&amp#27;[36mi see my application dashboard&amp#27;[0m                                         &amp#27;[90m# com.dtici.qa.steps.SwagStepDef.iSeeMyApplicationDashboard()&amp#27;[0m
]]></system-out>
    <system-err><![CDATA[Starting ChromeDriver 111.0.5563.64 (c710e93d5b63b7095afe8c2c17df34408078439d-refs/branch-heads/5563@{#995}) on port 37704
Only local connections are allowed.
Please see https://chromedriver.chromium.org/security-considerations for suggestions on keeping ChromeDriver safe.
ChromeDriver was started successfully.
Apr 01, 2023 11:37:59 AM org.openqa.selenium.remote.http.WebSocket$Listener onError
WARNING: Invalid Status code=403 text=Forbidden
java.io.IOException: Invalid Status code=403 text=Forbidden
	at org.asynchttpclient.netty.handler.WebSocketHandler.abort(WebSocketHandler.java:92)
	at org.asynchttpclient.netty.handler.WebSocketHandler.handleRead(WebSocketHandler.java:118)
	at org.asynchttpclient.netty.handler.AsyncHttpClientHandler.channelRead(AsyncHttpClientHandler.java:78)
	at io.netty.channel.AbstractChannelHandlerContext.invokeChannelRead(AbstractChannelHandlerContext.java:444)
	at io.netty.channel.AbstractChannelHandlerContext.invokeChannelRead(AbstractChannelHandlerContext.java:420)
	at io.netty.channel.AbstractChannelHandlerContext.fireChannelRead(AbstractChannelHandlerContext.java:412)
	at io.netty.channel.CombinedChannelDuplexHandler$DelegatingChannelHandlerContext.fireChannelRead(CombinedChannelDuplexHandler.java:436)
	at io.netty.handler.codec.ByteToMessageDecoder.fireChannelRead(ByteToMessageDecoder.java:336)
	at io.netty.handler.codec.ByteToMessageDecoder.fireChannelRead(ByteToMessageDecoder.java:323)
	at io.netty.handler.codec.ByteToMessageDecoder.callDecode(ByteToMessageDecoder.java:444)
	at io.netty.handler.codec.ByteToMessageDecoder.channelRead(ByteToMessageDecoder.java:280)
	at io.netty.channel.CombinedChannelDuplexHandler.channelRead(CombinedChannelDuplexHandler.java:251)
	at io.netty.channel.AbstractChannelHandlerContext.invokeChannelRead(AbstractChannelHandlerContext.java:442)
	at io.netty.channel.AbstractChannelHandlerContext.invokeChannelRead(AbstractChannelHandlerContext.java:420)
	at io.netty.channel.AbstractChannelHandlerContext.fireChannelRead(AbstractChannelHandlerContext.java:412)
	at io.netty.channel.DefaultChannelPipeline$HeadContext.channelRead(DefaultChannelPipeline.java:1410)
	at io.netty.channel.AbstractChannelHandlerContext.invokeChannelRead(AbstractChannelHandlerContext.java:440)
	at io.netty.channel.AbstractChannelHandlerContext.invokeChannelRead(AbstractChannelHandlerContext.java:420)
	at io.netty.channel.DefaultChannelPipeline.fireChannelRead(DefaultChannelPipeline.java:919)
	at io.netty.channel.nio.AbstractNioByteChannel$NioByteUnsafe.read(AbstractNioByteChannel.java:166)
	at io.netty.channel.nio.NioEventLoop.processSelectedKey(NioEventLoop.java:788)
	at io.netty.channel.nio.NioEventLoop.processSelectedKeysOptimized(NioEventLoop.java:724)
	at io.netty.channel.nio.NioEventLoop.processSelectedKeys(NioEventLoop.java:650)
	at io.netty.channel.nio.NioEventLoop.run(NioEventLoop.java:562)
	at io.netty.util.concurrent.SingleThreadEventExecutor$4.run(SingleThreadEventExecutor.java:997)
	at io.netty.util.internal.ThreadExecutorMap$2.run(ThreadExecutorMap.java:74)
	at io.netty.util.concurrent.FastThreadLocalRunnable.run(FastThreadLocalRunnable.java:30)
	at java.base/java.lang.Thread.run(Thread.java:831)

]]></system-err>
  </testcase>
  <testcase name="Verify Shopping cart" classname="Sprint 1 Execution Set #2" time="0.025">
    <error type="java.lang.NullPointerException"><![CDATA[java.lang.NullPointerException: Cannot invoke "org.openqa.selenium.WebDriver.findElement(org.openqa.selenium.By)" because "com.dtici.qa.classPackage.Login.driver" is null
]]></error>
    <system-out><![CDATA[
@DS-8 @TEST_DS-2 @TESTSET_DS-7 @App1 @Regression
Scenario: Verify Shopping cart                       &amp#27;[90m# src/test/resources/features/demo.feature:18&amp#27;[0m
  &amp#27;[32mGiven &amp#27;[0m&amp#27;[32mCheck all the products&amp#27;[0m                       &amp#27;[90m# com.dtici.qa.steps.SwagStepDef.checkAllTheProducts()&amp#27;[0m
  &amp#27;[32mAnd &amp#27;[0m&amp#27;[32mSelect the product that you want to order&amp#27;[0m      &amp#27;[90m# com.dtici.qa.steps.SwagStepDef.selectTheProductThatYouWantToOrder()&amp#27;[0m
  &amp#27;[31mWhen &amp#27;[0m&amp#27;[31mClick on Add to cart&amp#27;[0m                          &amp#27;[90m# com.dtici.qa.steps.SwagStepDef.clickOnAddToCart()&amp#27;[0m
      &amp#27;[31mjava.lang.NullPointerException: Cannot invoke "org.openqa.selenium.WebDriver.findElement(org.openqa.selenium.By)" because "com.dtici.qa.classPackage.Login.driver" is null
	at com.dtici.qa.classPackage.Login.addToCart(Login.java:51)
	at com.dtici.qa.steps.SwagStepDef.clickOnAddToCart(SwagStepDef.java:75)
	at âœ½.Click on Add to cart(file:///C:/HubAnnotator/src/test/resources/features/demo.feature:21)
&amp#27;[0m
  &amp#27;[36mAnd &amp#27;[0m&amp#27;[36mit will add all your products in shopping cart&amp#27;[0m &amp#27;[90m# com.dtici.qa.steps.SwagStepDef.itWillAddAllYourProductsInShoppingCart()&amp#27;[0m
  &amp#27;[36mThen &amp#27;[0m&amp#27;[36mClick on shopping cart icon&amp#27;[0m                   &amp#27;[90m# com.dtici.qa.steps.SwagStepDef.clickOnShoppingCartIcon()&amp#27;[0m
]]></system-out>
  </testcase>
  <testcase name="Verify that User is able to buy products" classname="Sprint 1 Execution Set #2" time="0.026">
    <error type="java.lang.NullPointerException"><![CDATA[java.lang.NullPointerException: Cannot invoke "org.openqa.selenium.WebDriver.findElement(org.openqa.selenium.By)" because "com.dtici.qa.classPackage.Login.driver" is null
]]></error>
    <system-out><![CDATA[
@DS-8 @TEST_DS-3 @TESTSET_DS-7 @App1 @Purchase @Regresssion @Smoke
Scenario: Verify that User is able to buy products &amp#27;[90m# src/test/resources/features/demo.feature:26&amp#27;[0m
  &amp#27;[31mGiven &amp#27;[0m&amp#27;[31mAdd another item&amp#27;[0m                           &amp#27;[90m# com.dtici.qa.steps.SwagStepDef.addAnotherItem()&amp#27;[0m
      &amp#27;[31mjava.lang.NullPointerException: Cannot invoke "org.openqa.selenium.WebDriver.findElement(org.openqa.selenium.By)" because "com.dtici.qa.classPackage.Login.driver" is null
	at com.dtici.qa.classPackage.Login.addNewItem(Login.java:64)
	at com.dtici.qa.steps.SwagStepDef.addAnotherItem(SwagStepDef.java:116)
	at âœ½.Add another item(file:///C:/HubAnnotator/src/test/resources/features/demo.feature:27)
&amp#27;[0m
  &amp#27;[36mThen &amp#27;[0m&amp#27;[36mCheckout the product&amp#27;[0m                        &amp#27;[90m# com.dtici.qa.steps.SwagStepDef.checkout_the_product()&amp#27;[0m
  &amp#27;[36mAnd &amp#27;[0m&amp#27;[36mremove Item from cart&amp#27;[0m                        &amp#27;[90m# com.dtici.qa.steps.SwagStepDef.removeItemFromCart()&amp#27;[0m
]]></system-out>
  </testcase>
  <testcase name="Verify Transaction details" classname="Sprint 1 Execution Set #2" time="0.027">
    <error type="java.lang.NullPointerException"><![CDATA[java.lang.NullPointerException: Cannot invoke "org.openqa.selenium.WebDriver.findElement(org.openqa.selenium.By)" because "com.dtici.qa.classPackage.Login.driver" is null
]]></error>
    <system-out><![CDATA[
@DS-8 @TEST_DS-4 @TESTSET_DS-7 @App1 @Smoke
Scenario: Verify Transaction details &amp#27;[90m# src/test/resources/features/demo.feature:32&amp#27;[0m
  &amp#27;[31mGiven &amp#27;[0m&amp#27;[31mEnter address information&amp#27;[0m    &amp#27;[90m# com.dtici.qa.steps.SwagStepDef.enter_address_information()&amp#27;[0m
      &amp#27;[31mjava.lang.NullPointerException: Cannot invoke "org.openqa.selenium.WebDriver.findElement(org.openqa.selenium.By)" because "com.dtici.qa.classPackage.Login.driver" is null
	at com.dtici.qa.classPackage.Login.addressInfo(Login.java:79)
	at com.dtici.qa.steps.SwagStepDef.enter_address_information(SwagStepDef.java:125)
	at âœ½.Enter address information(file:///C:/HubAnnotator/src/test/resources/features/demo.feature:33)
&amp#27;[0m
  &amp#27;[36mThen &amp#27;[0m&amp#27;[36mClick Finish&amp#27;[0m                  &amp#27;[90m# com.dtici.qa.steps.SwagStepDef.click_finish()&amp#27;[0m
]]></system-out>
  </testcase>
  <testcase name="Verify Session is closed" classname="Sprint 1 Execution Set #2" time="0.024">
    <error type="java.lang.NullPointerException"><![CDATA[java.lang.NullPointerException: Cannot invoke "org.openqa.selenium.WebDriver.findElement(org.openqa.selenium.By)" because "com.dtici.qa.classPackage.Login.driver" is null
]]></error>
    <system-out><![CDATA[
@DS-8 @TEST_DS-5 @TESTSET_DS-7 @App1 @Regression @Smoke
Scenario: Verify Session is closed &amp#27;[90m# src/test/resources/features/demo.feature:37&amp#27;[0m
  &amp#27;[31mGiven &amp#27;[0m&amp#27;[31mgoto react button&amp#27;[0m          &amp#27;[90m# com.dtici.qa.steps.SwagStepDef.goto_react_button()&amp#27;[0m
      &amp#27;[31mjava.lang.NullPointerException: Cannot invoke "org.openqa.selenium.WebDriver.findElement(org.openqa.selenium.By)" because "com.dtici.qa.classPackage.Login.driver" is null
	at com.dtici.qa.classPackage.Login.logOut(Login.java:95)
	at com.dtici.qa.steps.SwagStepDef.goto_react_button(SwagStepDef.java:135)
	at âœ½.goto react button(file:///C:/HubAnnotator/src/test/resources/features/demo.feature:38)
&amp#27;[0m
  &amp#27;[36mThen &amp#27;[0m&amp#27;[36mclick logout&amp#27;[0m                &amp#27;[90m# com.dtici.qa.steps.SwagStepDef.click_logout()&amp#27;[0m
  &amp#27;[36mAnd &amp#27;[0m&amp#27;[36mClose Browser&amp#27;[0m                &amp#27;[90m# com.dtici.qa.steps.SwagStepDef.closeBrowser()&amp#27;[0m
]]></system-out>
  </testcase>
</testsuite>