<?xml version="1.0" encoding="UTF-8"?>
<testsuite xmlns:xsi="http://www.w3.org/2001/XMLSchema-instance" xsi:noNamespaceSchemaLocation="https://maven.apache.org/surefire/maven-surefire-plugin/xsd/surefire-test-report-3.0.xsd" version="3.0" name="com.org.qa.testrunnner.TestRunner" time="61.881" tests="3" errors="0" skipped="0" failures="0">
  <properties>
[...]
</properties>
  <testcase name="Verify new item is added in to the list" classname="Sprint 1 Execution Set #1" time="16.281">
    <system-out><![CDATA[
@DS-8 @App1 @Regression @Smoke @Highpriority @Swag
Scenario: Verify new item is added in to the list &amp#27;[90m# src/test/resources/features/NewDesign.feature:9&amp#27;[0m
{
    "documents": [
        {
            "_id": "6412eb5cbbebfd6a0348eb45",
            "Key": "SEC_001",
            "UserID": "standard_user",
            "password": "secret_sauce"
        }
    ]
}
200:io.restassured.internal.RestAssuredResponseImpl@2474df51
null
Read XML parser
C:\HubAnnotator
**********************************
/Browser/Function[@label='Login']/Object
true
actValue=standard_user
Reach to Select case 
key=SCE_001
Reach to Select case 
label=user
Reach to Select case 
locator=xpath
Reach to Select case 
locatorValue=//*[@id='user-name']
Reach to Select case 
type=textbox
Reach to Select case 
true
actValue=secret_sauce
Reach to Select case 
key=ID_1
Reach to Select case 
label=PWD
Reach to Select case 
locator=xpath
Reach to Select case 
locatorValue=//*[@id='password']
Reach to Select case 
type=textbox
Reach to Select case 
true
actValue=6
Reach to Select case 
key=ID_1
Reach to Select case 
label=lblBTN
Reach to Select case 
locator=xpath
Reach to Select case 
locatorValue=//*[@id='login-button']
Reach to Select case 
type=button
Reach to Select case 
********************************
user::;standard_user;SCE_001;xpath;//*[@id='user-name'];textbox
;standard_user;SCE_001;xpath;//*[@id='user-name'];textbox
================Start=======================
label:user
actvalue:standard_user
locator:xpath
locatorValue://*[@id='user-name']
Typetextbox
keySCE_001
================END=======================
In text box
enmtered Value : standard_user
PWD::;secret_sauce;ID_1;xpath;//*[@id='password'];textbox
;secret_sauce;ID_1;xpath;//*[@id='password'];textbox
================Start=======================
label:PWD
actvalue:secret_sauce
locator:xpath
locatorValue://*[@id='password']
Typetextbox
keyID_1
================END=======================
In text box
enmtered Value : secret_sauce
lblBTN::;6;ID_1;xpath;//*[@id='login-button'];button
;6;ID_1;xpath;//*[@id='login-button'];button
================Start=======================
label:lblBTN
actvalue:6
locator:xpath
locatorValue://*[@id='login-button']
Typebutton
keyID_1
================END=======================
In Button
  &amp#27;[32mGiven &amp#27;[0m&amp#27;[32mUser Login to application&amp#27;[0m                 &amp#27;[90m# com.org.qa.steps.SwagStepDef.user_login_to_application()&amp#27;[0m
SWITCH+true
  &amp#27;[32mWhen &amp#27;[0m&amp#27;[32mUser is navigated to Swag Labs&amp#27;[0m             &amp#27;[90m# com.org.qa.steps.SwagStepDef.userIsNavigatedToSwagLabs()&amp#27;[0m
Read XML parser
C:\HubAnnotator
**********************************
/Browser/Function[@label='product']/Object
true
actValue=6
Reach to Select case 
key=ID_1
Reach to Select case 
label=product1
Reach to Select case 
locator=xpath
Reach to Select case 
locatorValue=//*[@id='add-to-cart-sauce-labs-backpack']
Reach to Select case 
type=button
Reach to Select case 
true
actValue=6
Reach to Select case 
key=ID_1
Reach to Select case 
label=product2
Reach to Select case 
locator=xpath
Reach to Select case 
locatorValue=//*[@id='add-to-cart-sauce-labs-bike-light']
Reach to Select case 
type=button
Reach to Select case 
********************************
product1::;6;ID_1;xpath;//*[@id='add-to-cart-sauce-labs-backpack'];button
;6;ID_1;xpath;//*[@id='add-to-cart-sauce-labs-backpack'];button
================Start=======================
label:product1
actvalue:6
locator:xpath
locatorValue://*[@id='add-to-cart-sauce-labs-backpack']
Typebutton
keyID_1
================END=======================
In Button
product2::;6;ID_1;xpath;//*[@id='add-to-cart-sauce-labs-bike-light'];button
;6;ID_1;xpath;//*[@id='add-to-cart-sauce-labs-bike-light'];button
================Start=======================
label:product2
actvalue:6
locator:xpath
locatorValue://*[@id='add-to-cart-sauce-labs-bike-light']
Typebutton
keyID_1
================END=======================
In Button
  &amp#27;[32mThen &amp#27;[0m&amp#27;[32mAdd product&amp#27;[0m                                &amp#27;[90m# com.org.qa.steps.SwagStepDef.addProduct()&amp#27;[0m
Read XML parser
C:\HubAnnotator
**********************************
/Browser/Function[@label='Logout']/Object
true
actValue=6
Reach to Select case 
key=ID_1
Reach to Select case 
label=Menu
Reach to Select case 
locator=xpath
Reach to Select case 
locatorValue=//*[@id='react-burger-menu-btn']
Reach to Select case 
type=button
Reach to Select case 
true
actValue=6
Reach to Select case 
key=ID_1
Reach to Select case 
label=Logout
Reach to Select case 
locator=xpath
Reach to Select case 
locatorValue=//*[@id='logout_sidebar_link']
Reach to Select case 
type=button
Reach to Select case 
********************************
Menu::;6;ID_1;xpath;//*[@id='react-burger-menu-btn'];button
;6;ID_1;xpath;//*[@id='react-burger-menu-btn'];button
================Start=======================
label:Menu
actvalue:6
locator:xpath
locatorValue://*[@id='react-burger-menu-btn']
Typebutton
keyID_1
================END=======================
In Button
Logout::;6;ID_1;xpath;//*[@id='logout_sidebar_link'];button
;6;ID_1;xpath;//*[@id='logout_sidebar_link'];button
================Start=======================
label:Logout
actvalue:6
locator:xpath
locatorValue://*[@id='logout_sidebar_link']
Typebutton
keyID_1
================END=======================
In Button
  &amp#27;[32mThen &amp#27;[0m&amp#27;[32mLogout&amp#27;[0m                                     &amp#27;[90m# com.org.qa.steps.SwagStepDef.logout()&amp#27;[0m
]]></system-out>
    <system-err><![CDATA[Starting ChromeDriver 111.0.5563.64 (c710e93d5b63b7095afe8c2c17df34408078439d-refs/branch-heads/5563@{#995}) on port 21840
Only local connections are allowed.
Please see https://chromedriver.chromium.org/security-considerations for suggestions on keeping ChromeDriver safe.
ChromeDriver was started successfully.
Apr 01, 2023 11:38:05 AM org.openqa.selenium.devtools.CdpVersionFinder findNearestMatch
WARNING: Unable to find an exact match for CDP version 111, so returning the closest version found: 108
]]></system-err>
  </testcase>
  <testcase name="Verify new item is added in to the list and Removed from the list" classname="Sprint 1 Execution Set #1" time="21.738">
    <system-out><![CDATA[
@DS-8 @App1 @Regression @Smoke @Highpriority @Swag
Scenario: Verify new item is added in to the list and Removed from the list &amp#27;[90m# src/test/resources/features/NewDesign.feature:17&amp#27;[0m
{
    "documents": [
        {
            "_id": "6412eb5cbbebfd6a0348eb45",
            "Key": "SEC_001",
            "UserID": "standard_user",
            "password": "secret_sauce"
        }
    ]
}
200:io.restassured.internal.RestAssuredResponseImpl@8afce3
ChromeDriver: chrome on WINDOWS (28c3498b6b3fc34083b2038d56c44795)
Read XML parser
C:\HubAnnotator
**********************************
/Browser/Function[@label='Login']/Object
true
actValue=standard_user
Reach to Select case 
key=SCE_001
Reach to Select case 
label=user
Reach to Select case 
locator=xpath
Reach to Select case 
locatorValue=//*[@id='user-name']
Reach to Select case 
type=textbox
Reach to Select case 
true
actValue=secret_sauce
Reach to Select case 
key=ID_1
Reach to Select case 
label=PWD
Reach to Select case 
locator=xpath
Reach to Select case 
locatorValue=//*[@id='password']
Reach to Select case 
type=textbox
Reach to Select case 
true
actValue=6
Reach to Select case 
key=ID_1
Reach to Select case 
label=lblBTN
Reach to Select case 
locator=xpath
Reach to Select case 
locatorValue=//*[@id='login-button']
Reach to Select case 
type=button
Reach to Select case 
********************************
user::;standard_user;SCE_001;xpath;//*[@id='user-name'];textbox
;standard_user;SCE_001;xpath;//*[@id='user-name'];textbox
================Start=======================
label:user
actvalue:standard_user
locator:xpath
locatorValue://*[@id='user-name']
Typetextbox
keySCE_001
================END=======================
In text box
enmtered Value : standard_user
PWD::;secret_sauce;ID_1;xpath;//*[@id='password'];textbox
;secret_sauce;ID_1;xpath;//*[@id='password'];textbox
================Start=======================
label:PWD
actvalue:secret_sauce
locator:xpath
locatorValue://*[@id='password']
Typetextbox
keyID_1
================END=======================
In text box
enmtered Value : secret_sauce
lblBTN::;6;ID_1;xpath;//*[@id='login-button'];button
;6;ID_1;xpath;//*[@id='login-button'];button
================Start=======================
label:lblBTN
actvalue:6
locator:xpath
locatorValue://*[@id='login-button']
Typebutton
keyID_1
================END=======================
In Button
  &amp#27;[32mGiven &amp#27;[0m&amp#27;[32mUser Login to application&amp#27;[0m                                           &amp#27;[90m# com.org.qa.steps.SwagStepDef.user_login_to_application()&amp#27;[0m
no such window
  (Session info: chrome=111.0.5563.147)
Build info: version: '4.7.1', revision: 'c6795baf1a3'
System info: os.name: 'Windows 10', os.arch: 'amd64', os.version: '10.0', java.version: '16'
Driver info: org.openqa.selenium.chrome.ChromeDriver
Command: [a5d9a247be08555b6b8e71afab1a83fe, switchToWindow {handle=0D86CDEB3E0E045F091D19786E2FBE42}]
Capabilities {acceptInsecureCerts: false, browserName: chrome, browserVersion: 111.0.5563.147, chrome: {chromedriverVersion: 111.0.5563.64 (c710e93d5b63..., userDataDir: C:\Program Files (x86)\scop...}, goog:chromeOptions: {debuggerAddress: localhost:53246}, networkConnectionEnabled: false, pageLoadStrategy: normal, platformName: WINDOWS, proxy: Proxy(), se:cdp: ws://localhost:53246/devtoo..., se:cdpVersion: 111.0.5563.147, setWindowRect: true, strictFileInteractability: false, timeouts: {implicit: 0, pageLoad: 300000, script: 30000}, unhandledPromptBehavior: dismiss and notify, webauthn:extension:credBlob: true, webauthn:extension:largeBlob: true, webauthn:extension:minPinLength: true, webauthn:extension:prf: true, webauthn:virtualAuthenticators: true}
Session ID: a5d9a247be08555b6b8e71afab1a83fe
SWITCH+false
  &amp#27;[32mWhen &amp#27;[0m&amp#27;[32mUser is navigated to Swag Labs&amp#27;[0m                                       &amp#27;[90m# com.org.qa.steps.SwagStepDef.userIsNavigatedToSwagLabs()&amp#27;[0m
Read XML parser
C:\HubAnnotator
**********************************
/Browser/Function[@label='product']/Object
true
actValue=6
Reach to Select case 
key=ID_1
Reach to Select case 
label=product1
Reach to Select case 
locator=xpath
Reach to Select case 
locatorValue=//*[@id='add-to-cart-sauce-labs-backpack']
Reach to Select case 
type=button
Reach to Select case 
true
actValue=6
Reach to Select case 
key=ID_1
Reach to Select case 
label=product2
Reach to Select case 
locator=xpath
Reach to Select case 
locatorValue=//*[@id='add-to-cart-sauce-labs-bike-light']
Reach to Select case 
type=button
Reach to Select case 
********************************
product1::;6;ID_1;xpath;//*[@id='add-to-cart-sauce-labs-backpack'];button
;6;ID_1;xpath;//*[@id='add-to-cart-sauce-labs-backpack'];button
================Start=======================
label:product1
actvalue:6
locator:xpath
locatorValue://*[@id='add-to-cart-sauce-labs-backpack']
Typebutton
keyID_1
================END=======================
In Button
product2::;6;ID_1;xpath;//*[@id='add-to-cart-sauce-labs-bike-light'];button
;6;ID_1;xpath;//*[@id='add-to-cart-sauce-labs-bike-light'];button
================Start=======================
label:product2
actvalue:6
locator:xpath
locatorValue://*[@id='add-to-cart-sauce-labs-bike-light']
Typebutton
keyID_1
================END=======================
In Button
  &amp#27;[32mThen &amp#27;[0m&amp#27;[32mAdd product&amp#27;[0m                                                          &amp#27;[90m# com.org.qa.steps.SwagStepDef.addProduct()&amp#27;[0m
Read XML parser
C:\HubAnnotator
**********************************
/Browser/Function[@label='RemoveOneProduct']/Object
true
actValue=6
Reach to Select case 
key=ID_1
Reach to Select case 
label=product1
Reach to Select case 
locator=xpath
Reach to Select case 
locatorValue=//*[@id='remove-sauce-labs-backpack']
Reach to Select case 
type=button
Reach to Select case 
********************************
product1::;6;ID_1;xpath;//*[@id='remove-sauce-labs-backpack'];button
;6;ID_1;xpath;//*[@id='remove-sauce-labs-backpack'];button
================Start=======================
label:product1
actvalue:6
locator:xpath
locatorValue://*[@id='remove-sauce-labs-backpack']
Typebutton
keyID_1
================END=======================
In Button
  &amp#27;[32mThen &amp#27;[0m&amp#27;[32mRemove Prouct&amp#27;[0m                                                        &amp#27;[90m# com.org.qa.steps.SwagStepDef.removeProuct()&amp#27;[0m
Read XML parser
C:\HubAnnotator
**********************************
/Browser/Function[@label='Logout']/Object
true
actValue=6
Reach to Select case 
key=ID_1
Reach to Select case 
label=Menu
Reach to Select case 
locator=xpath
Reach to Select case 
locatorValue=//*[@id='react-burger-menu-btn']
Reach to Select case 
type=button
Reach to Select case 
true
actValue=6
Reach to Select case 
key=ID_1
Reach to Select case 
label=Logout
Reach to Select case 
locator=xpath
Reach to Select case 
locatorValue=//*[@id='logout_sidebar_link']
Reach to Select case 
type=button
Reach to Select case 
********************************
Menu::;6;ID_1;xpath;//*[@id='react-burger-menu-btn'];button
;6;ID_1;xpath;//*[@id='react-burger-menu-btn'];button
================Start=======================
label:Menu
actvalue:6
locator:xpath
locatorValue://*[@id='react-burger-menu-btn']
Typebutton
keyID_1
================END=======================
In Button
Logout::;6;ID_1;xpath;//*[@id='logout_sidebar_link'];button
;6;ID_1;xpath;//*[@id='logout_sidebar_link'];button
================Start=======================
label:Logout
actvalue:6
locator:xpath
locatorValue://*[@id='logout_sidebar_link']
Typebutton
keyID_1
================END=======================
In Button
  &amp#27;[32mThen &amp#27;[0m&amp#27;[32mLogout&amp#27;[0m                                                               &amp#27;[90m# com.org.qa.steps.SwagStepDef.logout()&amp#27;[0m
]]></system-out>
    <system-err><![CDATA[Starting ChromeDriver 111.0.5563.64 (c710e93d5b63b7095afe8c2c17df34408078439d-refs/branch-heads/5563@{#995}) on port 48623
Only local connections are allowed.
Please see https://chromedriver.chromium.org/security-considerations for suggestions on keeping ChromeDriver safe.
ChromeDriver was started successfully.
Apr 01, 2023 11:38:20 AM org.openqa.selenium.remote.http.WebSocket$Listener onError
WARNING: Connection reset
java.net.SocketException: Connection reset
	at java.base/sun.nio.ch.SocketChannelImpl.throwConnectionReset(SocketChannelImpl.java:394)
	at java.base/sun.nio.ch.SocketChannelImpl.read(SocketChannelImpl.java:426)
	at io.netty.buffer.PooledByteBuf.setBytes(PooledByteBuf.java:259)
	at io.netty.buffer.AbstractByteBuf.writeBytes(AbstractByteBuf.java:1132)
	at io.netty.channel.socket.nio.NioSocketChannel.doReadBytes(NioSocketChannel.java:357)
	at io.netty.channel.nio.AbstractNioByteChannel$NioByteUnsafe.read(AbstractNioByteChannel.java:151)
	at io.netty.channel.nio.NioEventLoop.processSelectedKey(NioEventLoop.java:788)
	at io.netty.channel.nio.NioEventLoop.processSelectedKeysOptimized(NioEventLoop.java:724)
	at io.netty.channel.nio.NioEventLoop.processSelectedKeys(NioEventLoop.java:650)
	at io.netty.channel.nio.NioEventLoop.run(NioEventLoop.java:562)
	at io.netty.util.concurrent.SingleThreadEventExecutor$4.run(SingleThreadEventExecutor.java:997)
	at io.netty.util.internal.ThreadExecutorMap$2.run(ThreadExecutorMap.java:74)
	at io.netty.util.concurrent.FastThreadLocalRunnable.run(FastThreadLocalRunnable.java:30)
	at java.base/java.lang.Thread.run(Thread.java:831)

Apr 01, 2023 11:38:22 AM org.openqa.selenium.devtools.CdpVersionFinder findNearestMatch
WARNING: Unable to find an exact match for CDP version 111, so returning the closest version found: 108
]]></system-err>
  </testcase>
  <testcase name="Verify new item is added in to the list and Removed from the list and verify Cart" classname="Sprint 1 Execution Set #1" time="22.008">
    <system-out><![CDATA[
@DS-8 @App1 @Regression @Smoke @Highpriority @Swag
Scenario: Verify new item is added in to the list and Removed from the list and verify Cart &amp#27;[90m# src/test/resources/features/NewDesign.feature:25&amp#27;[0m
{
    "documents": [
        {
            "_id": "6412eb5cbbebfd6a0348eb45",
            "Key": "SEC_001",
            "UserID": "standard_user",
            "password": "secret_sauce"
        }
    ]
}
200:io.restassured.internal.RestAssuredResponseImpl@5e0442dd
ChromeDriver: chrome on WINDOWS (a5d9a247be08555b6b8e71afab1a83fe)
Read XML parser
C:\HubAnnotator
**********************************
/Browser/Function[@label='Login']/Object
true
actValue=standard_user
Reach to Select case 
key=SCE_001
Reach to Select case 
label=user
Reach to Select case 
locator=xpath
Reach to Select case 
locatorValue=//*[@id='user-name']
Reach to Select case 
type=textbox
Reach to Select case 
true
actValue=secret_sauce
Reach to Select case 
key=ID_1
Reach to Select case 
label=PWD
Reach to Select case 
locator=xpath
Reach to Select case 
locatorValue=//*[@id='password']
Reach to Select case 
type=textbox
Reach to Select case 
true
actValue=6
Reach to Select case 
key=ID_1
Reach to Select case 
label=lblBTN
Reach to Select case 
locator=xpath
Reach to Select case 
locatorValue=//*[@id='login-button']
Reach to Select case 
type=button
Reach to Select case 
********************************
user::;standard_user;SCE_001;xpath;//*[@id='user-name'];textbox
;standard_user;SCE_001;xpath;//*[@id='user-name'];textbox
================Start=======================
label:user
actvalue:standard_user
locator:xpath
locatorValue://*[@id='user-name']
Typetextbox
keySCE_001
================END=======================
In text box
enmtered Value : standard_user
PWD::;secret_sauce;ID_1;xpath;//*[@id='password'];textbox
;secret_sauce;ID_1;xpath;//*[@id='password'];textbox
================Start=======================
label:PWD
actvalue:secret_sauce
locator:xpath
locatorValue://*[@id='password']
Typetextbox
keyID_1
================END=======================
In text box
enmtered Value : secret_sauce
lblBTN::;6;ID_1;xpath;//*[@id='login-button'];button
;6;ID_1;xpath;//*[@id='login-button'];button
================Start=======================
label:lblBTN
actvalue:6
locator:xpath
locatorValue://*[@id='login-button']
Typebutton
keyID_1
================END=======================
In Button
  &amp#27;[32mGiven &amp#27;[0m&amp#27;[32mUser Login to application&amp#27;[0m                                                           &amp#27;[90m# com.org.qa.steps.SwagStepDef.user_login_to_application()&amp#27;[0m
no such window
  (Session info: chrome=111.0.5563.147)
Build info: version: '4.7.1', revision: 'c6795baf1a3'
System info: os.name: 'Windows 10', os.arch: 'amd64', os.version: '10.0', java.version: '16'
Driver info: org.openqa.selenium.chrome.ChromeDriver
Command: [4ebe8428ec92c69731e295ab4d6f6a72, switchToWindow {handle=0D86CDEB3E0E045F091D19786E2FBE42}]
Capabilities {acceptInsecureCerts: false, browserName: chrome, browserVersion: 111.0.5563.147, chrome: {chromedriverVersion: 111.0.5563.64 (c710e93d5b63..., userDataDir: C:\Program Files (x86)\scop...}, goog:chromeOptions: {debuggerAddress: localhost:53269}, networkConnectionEnabled: false, pageLoadStrategy: normal, platformName: WINDOWS, proxy: Proxy(), se:cdp: ws://localhost:53269/devtoo..., se:cdpVersion: 111.0.5563.147, setWindowRect: true, strictFileInteractability: false, timeouts: {implicit: 0, pageLoad: 300000, script: 30000}, unhandledPromptBehavior: dismiss and notify, webauthn:extension:credBlob: true, webauthn:extension:largeBlob: true, webauthn:extension:minPinLength: true, webauthn:extension:prf: true, webauthn:virtualAuthenticators: true}
Session ID: 4ebe8428ec92c69731e295ab4d6f6a72
SWITCH+false
  &amp#27;[32mWhen &amp#27;[0m&amp#27;[32mUser is navigated to Swag Labs&amp#27;[0m                                                       &amp#27;[90m# com.org.qa.steps.SwagStepDef.userIsNavigatedToSwagLabs()&amp#27;[0m
Read XML parser
C:\HubAnnotator
**********************************
/Browser/Function[@label='product']/Object
true
actValue=6
Reach to Select case 
key=ID_1
Reach to Select case 
label=product1
Reach to Select case 
locator=xpath
Reach to Select case 
locatorValue=//*[@id='add-to-cart-sauce-labs-backpack']
Reach to Select case 
type=button
Reach to Select case 
true
actValue=6
Reach to Select case 
key=ID_1
Reach to Select case 
label=product2
Reach to Select case 
locator=xpath
Reach to Select case 
locatorValue=//*[@id='add-to-cart-sauce-labs-bike-light']
Reach to Select case 
type=button
Reach to Select case 
********************************
product1::;6;ID_1;xpath;//*[@id='add-to-cart-sauce-labs-backpack'];button
;6;ID_1;xpath;//*[@id='add-to-cart-sauce-labs-backpack'];button
================Start=======================
label:product1
actvalue:6
locator:xpath
locatorValue://*[@id='add-to-cart-sauce-labs-backpack']
Typebutton
keyID_1
================END=======================
In Button
product2::;6;ID_1;xpath;//*[@id='add-to-cart-sauce-labs-bike-light'];button
;6;ID_1;xpath;//*[@id='add-to-cart-sauce-labs-bike-light'];button
================Start=======================
label:product2
actvalue:6
locator:xpath
locatorValue://*[@id='add-to-cart-sauce-labs-bike-light']
Typebutton
keyID_1
================END=======================
In Button
  &amp#27;[32mThen &amp#27;[0m&amp#27;[32mAdd product&amp#27;[0m                                                                          &amp#27;[90m# com.org.qa.steps.SwagStepDef.addProduct()&amp#27;[0m
Read XML parser
C:\HubAnnotator
**********************************
/Browser/Function[@label='RemoveOneProduct']/Object
true
actValue=6
Reach to Select case 
key=ID_1
Reach to Select case 
label=product1
Reach to Select case 
locator=xpath
Reach to Select case 
locatorValue=//*[@id='remove-sauce-labs-backpack']
Reach to Select case 
type=button
Reach to Select case 
********************************
product1::;6;ID_1;xpath;//*[@id='remove-sauce-labs-backpack'];button
;6;ID_1;xpath;//*[@id='remove-sauce-labs-backpack'];button
================Start=======================
label:product1
actvalue:6
locator:xpath
locatorValue://*[@id='remove-sauce-labs-backpack']
Typebutton
keyID_1
================END=======================
In Button
  &amp#27;[32mThen &amp#27;[0m&amp#27;[32mRemove Prouct&amp#27;[0m                                                                        &amp#27;[90m# com.org.qa.steps.SwagStepDef.removeProuct()&amp#27;[0m
Read XML parser
C:\HubAnnotator
**********************************
/Browser/Function[@label='GotoCart']/Object
true
actValue=6
Reach to Select case 
key=ID_1
Reach to Select case 
label=Cart
Reach to Select case 
locator=xpath
Reach to Select case 
locatorValue=//*[@id='shopping_cart_container']
Reach to Select case 
type=button
Reach to Select case 
********************************
Cart::;6;ID_1;xpath;//*[@id='shopping_cart_container'];button
;6;ID_1;xpath;//*[@id='shopping_cart_container'];button
================Start=======================
label:Cart
actvalue:6
locator:xpath
locatorValue://*[@id='shopping_cart_container']
Typebutton
keyID_1
================END=======================
In Button
  &amp#27;[32mThen &amp#27;[0m&amp#27;[32mNavigate to Cart&amp#27;[0m                                                                     &amp#27;[90m# com.org.qa.steps.SwagStepDef.navigateToCart()&amp#27;[0m
Read XML parser
C:\HubAnnotator
**********************************
/Browser/Function[@label='Logout']/Object
true
actValue=6
Reach to Select case 
key=ID_1
Reach to Select case 
label=Menu
Reach to Select case 
locator=xpath
Reach to Select case 
locatorValue=//*[@id='react-burger-menu-btn']
Reach to Select case 
type=button
Reach to Select case 
true
actValue=6
Reach to Select case 
key=ID_1
Reach to Select case 
label=Logout
Reach to Select case 
locator=xpath
Reach to Select case 
locatorValue=//*[@id='logout_sidebar_link']
Reach to Select case 
type=button
Reach to Select case 
********************************
Menu::;6;ID_1;xpath;//*[@id='react-burger-menu-btn'];button
;6;ID_1;xpath;//*[@id='react-burger-menu-btn'];button
================Start=======================
label:Menu
actvalue:6
locator:xpath
locatorValue://*[@id='react-burger-menu-btn']
Typebutton
keyID_1
================END=======================
In Button
Logout::;6;ID_1;xpath;//*[@id='logout_sidebar_link'];button
;6;ID_1;xpath;//*[@id='logout_sidebar_link'];button
================Start=======================
label:Logout
actvalue:6
locator:xpath
locatorValue://*[@id='logout_sidebar_link']
Typebutton
keyID_1
================END=======================
In Button
  &amp#27;[32mThen &amp#27;[0m&amp#27;[32mLogout&amp#27;[0m                                                                               &amp#27;[90m# com.org.qa.steps.SwagStepDef.logout()&amp#27;[0m
]]></system-out>
    <system-err><![CDATA[Starting ChromeDriver 111.0.5563.64 (c710e93d5b63b7095afe8c2c17df34408078439d-refs/branch-heads/5563@{#995}) on port 32994
Only local connections are allowed.
Please see https://chromedriver.chromium.org/security-considerations for suggestions on keeping ChromeDriver safe.
ChromeDriver was started successfully.
Apr 01, 2023 11:38:42 AM org.openqa.selenium.remote.http.WebSocket$Listener onError
WARNING: Connection reset
java.net.SocketException: Connection reset
	at java.base/sun.nio.ch.SocketChannelImpl.throwConnectionReset(SocketChannelImpl.java:394)
	at java.base/sun.nio.ch.SocketChannelImpl.read(SocketChannelImpl.java:426)
	at io.netty.buffer.PooledByteBuf.setBytes(PooledByteBuf.java:259)
	at io.netty.buffer.AbstractByteBuf.writeBytes(AbstractByteBuf.java:1132)
	at io.netty.channel.socket.nio.NioSocketChannel.doReadBytes(NioSocketChannel.java:357)
	at io.netty.channel.nio.AbstractNioByteChannel$NioByteUnsafe.read(AbstractNioByteChannel.java:151)
	at io.netty.channel.nio.NioEventLoop.processSelectedKey(NioEventLoop.java:788)
	at io.netty.channel.nio.NioEventLoop.processSelectedKeysOptimized(NioEventLoop.java:724)
	at io.netty.channel.nio.NioEventLoop.processSelectedKeys(NioEventLoop.java:650)
	at io.netty.channel.nio.NioEventLoop.run(NioEventLoop.java:562)
	at io.netty.util.concurrent.SingleThreadEventExecutor$4.run(SingleThreadEventExecutor.java:997)
	at io.netty.util.internal.ThreadExecutorMap$2.run(ThreadExecutorMap.java:74)
	at io.netty.util.concurrent.FastThreadLocalRunnable.run(FastThreadLocalRunnable.java:30)
	at java.base/java.lang.Thread.run(Thread.java:831)

Apr 01, 2023 11:38:43 AM org.openqa.selenium.devtools.CdpVersionFinder findNearestMatch
WARNING: Unable to find an exact match for CDP version 111, so returning the closest version found: 108
]]></system-err>
  </testcase>
</testsuite>